Started GET "/" for 127.0.0.1 at 2023-03-06 11:02:11 +0530
  [1m[35m (0.9ms)[0m  [1m[34mSELECT sqlite_version(*)[0m
Processing by Rails::WelcomeController#index as HTML
  Rendering /home/gammastack/.rvm/gems/ruby-3.0.0/gems/railties-6.1.7.2/lib/rails/templates/rails/welcome/index.html.erb
  Rendered /home/gammastack/.rvm/gems/ruby-3.0.0/gems/railties-6.1.7.2/lib/rails/templates/rails/welcome/index.html.erb (Duration: 9.2ms | Allocations: 521)
Completed 200 OK in 23ms (Views: 14.4ms | ActiveRecord: 0.0ms | Allocations: 6892)


Started GET "/home" for 127.0.0.1 at 2023-03-06 11:02:17 +0530
Processing by HomeController#index as HTML
  Rendering layout layouts/application.html.erb
  Rendering home/index.html.erb within layouts/application
  Rendered home/index.html.erb within layouts/application (Duration: 0.4ms | Allocations: 113)
[Webpacker] Compiling...
[Webpacker] Compiled all packs in /home/gammastack/Desktop/Rails/hr-app/public/packs
[Webpacker] Hash: 804a8059a304061a3e74
Version: webpack 4.46.0
Time: 977ms
Built at: 03/06/2023 11:02:19 AM
                                     Asset       Size       Chunks                         Chunk Names
    js/application-271cf8931bb708d2d8bb.js    121 KiB  application  [emitted] [immutable]  application
js/application-271cf8931bb708d2d8bb.js.map    133 KiB  application  [emitted] [dev]        application
                             manifest.json  364 bytes               [emitted]              
Entrypoint application = js/application-271cf8931bb708d2d8bb.js js/application-271cf8931bb708d2d8bb.js.map
[./app/javascript/channels sync recursive _channel\.js$] ./app/javascript/channels sync _channel\.js$ 160 bytes {application} [built]
[./app/javascript/channels/index.js] 211 bytes {application} [built]
[./app/javascript/packs/application.js] 493 bytes {application} [built]
    + 3 hidden modules

  Rendered layout layouts/application.html.erb (Duration: 2045.4ms | Allocations: 17272)
Completed 200 OK in 2049ms (Views: 2046.4ms | ActiveRecord: 0.0ms | Allocations: 21182)


Started GET "/home" for 127.0.0.1 at 2023-03-06 11:07:41 +0530
Processing by HomeController#index as HTML
  Rendering layout layouts/application.html.erb
  Rendering home/index.html.erb within layouts/application
  Rendered home/index.html.erb within layouts/application (Duration: 12.7ms | Allocations: 4760)
  Rendered layout layouts/application.html.erb (Duration: 13.0ms | Allocations: 4830)
Completed 500 Internal Server Error in 16ms (Allocations: 6090)


  
ActionView::Template::Error (undefined local variable or method `about_path' for #<ActionView::Base:0x00000000008ae8>):
    1: <h1>Home index</h1>
    2: 
    3: <%= link_to "About Us", about_path%>
  
app/views/home/index.html.erb:3
Started GET "/home" for 127.0.0.1 at 2023-03-06 11:10:08 +0530
  
SyntaxError (/home/gammastack/Desktop/Rails/hr-app/config/routes.rb:3: syntax error, unexpected local variable or method, expecting `end'
  get 'contact'to: 'pages#contact_us'
               ^~
):
  
config/routes.rb:3: syntax error, unexpected local variable or method, expecting `end'
config/routes.rb:3: syntax error, unexpected local variable or method, expecting `end'
config/routes.rb:3: syntax error, unexpected local variable or method, expecting `end'
Started GET "/home" for 127.0.0.1 at 2023-03-06 11:10:25 +0530
  
SyntaxError (/home/gammastack/Desktop/Rails/hr-app/config/routes.rb:3: syntax error, unexpected local variable or method, expecting `end'
  get 'contact' to: 'pages#contact_us'
                ^~
):
  
config/routes.rb:3: syntax error, unexpected local variable or method, expecting `end'
config/routes.rb:3: syntax error, unexpected local variable or method, expecting `end'
config/routes.rb:3: syntax error, unexpected local variable or method, expecting `end'
Started GET "/home" for 127.0.0.1 at 2023-03-06 11:10:38 +0530
Processing by HomeController#index as HTML
  Rendering layout layouts/application.html.erb
  Rendering home/index.html.erb within layouts/application
  Rendered home/index.html.erb within layouts/application (Duration: 0.2ms | Allocations: 133)
[Webpacker] Everything's up-to-date. Nothing to do
  Rendered layout layouts/application.html.erb (Duration: 21.0ms | Allocations: 12823)
Completed 200 OK in 23ms (Views: 22.2ms | Allocations: 13447)


Started GET "/about" for 127.0.0.1 at 2023-03-06 11:10:40 +0530
Processing by PagesController#about_us as HTML
  Rendering layout layouts/application.html.erb
  Rendering pages/about_us.html.erb within layouts/application
  Rendered pages/about_us.html.erb within layouts/application (Duration: 1.2ms | Allocations: 640)
[Webpacker] Everything's up-to-date. Nothing to do
  Rendered layout layouts/application.html.erb (Duration: 9.1ms | Allocations: 3921)
Completed 200 OK in 12ms (Views: 11.0ms | Allocations: 4941)


Started GET "/about" for 127.0.0.1 at 2023-03-06 11:51:10 +0530
  [1m[35m (0.3ms)[0m  [1m[34mSELECT sqlite_version(*)[0m
Processing by PagesController#about_us as HTML
  Rendering layout layouts/application.html.erb
  Rendering pages/about_us.html.erb within layouts/application
  Rendered pages/about_us.html.erb within layouts/application (Duration: 0.6ms | Allocations: 294)
[Webpacker] Everything's up-to-date. Nothing to do
  Rendered layout layouts/application.html.erb (Duration: 64.9ms | Allocations: 10625)
Completed 200 OK in 89ms (Views: 78.1ms | ActiveRecord: 0.0ms | Allocations: 13858)


Started GET "/home" for 127.0.0.1 at 2023-03-06 11:51:49 +0530
Processing by HomeController#index as HTML
  Rendering layout layouts/application.html.erb
  Rendering home/index.html.erb within layouts/application
  Rendered home/index.html.erb within layouts/application (Duration: 1.6ms | Allocations: 396)
[Webpacker] Everything's up-to-date. Nothing to do
  Rendered layout layouts/application.html.erb (Duration: 11.0ms | Allocations: 3630)
Completed 200 OK in 17ms (Views: 14.3ms | ActiveRecord: 0.0ms | Allocations: 4893)


Started POST "/about" for 127.0.0.1 at 2023-03-06 11:51:50 +0530
  
ActionController::RoutingError (No route matches [POST] "/about"):
  
Started POST "/about" for 127.0.0.1 at 2023-03-06 11:52:14 +0530
  
ActionController::RoutingError (No route matches [POST] "/about"):
  
Started GET "/home" for 127.0.0.1 at 2023-03-06 11:52:16 +0530
Processing by HomeController#index as HTML
  Rendering layout layouts/application.html.erb
  Rendering home/index.html.erb within layouts/application
  Rendered home/index.html.erb within layouts/application (Duration: 1.6ms | Allocations: 187)
[Webpacker] Everything's up-to-date. Nothing to do
  Rendered layout layouts/application.html.erb (Duration: 20.4ms | Allocations: 3480)
Completed 200 OK in 28ms (Views: 25.1ms | ActiveRecord: 0.0ms | Allocations: 4719)


Started GET "/about" for 127.0.0.1 at 2023-03-06 11:52:18 +0530
Processing by PagesController#about_us as HTML
  Rendering layout layouts/application.html.erb
  Rendering pages/about_us.html.erb within layouts/application
  Rendered pages/about_us.html.erb within layouts/application (Duration: 0.8ms | Allocations: 107)
[Webpacker] Everything's up-to-date. Nothing to do
  Rendered layout layouts/application.html.erb (Duration: 17.3ms | Allocations: 3218)
Completed 200 OK in 23ms (Views: 20.9ms | ActiveRecord: 0.0ms | Allocations: 4225)


Started GET "/home" for 127.0.0.1 at 2023-03-06 12:11:02 +0530
  [1m[35m (0.4ms)[0m  [1m[34mSELECT sqlite_version(*)[0m
Processing by HomeController#index as HTML
  Rendering layout layouts/application.html.erb
  Rendering home/index.html.erb within layouts/application
  Rendered home/index.html.erb within layouts/application (Duration: 6.6ms | Allocations: 2247)
  Rendered layout layouts/application.html.erb (Duration: 15.8ms | Allocations: 2327)
Completed 500 Internal Server Error in 73ms (ActiveRecord: 0.0ms | Allocations: 5504)


  
ActionView::Template::Error (No route matches {:action=>"about", :controller=>"pages"}):
    2: 
    3: <%= link_to "About Us", about_path%>
    4: 
    5: <%= link_to "About Us C.", controller: :pages, action: :about %>
  
app/views/home/index.html.erb:5
Started GET "/home" for 127.0.0.1 at 2023-03-06 12:11:28 +0530
Processing by HomeController#index as HTML
  Rendering layout layouts/application.html.erb
  Rendering home/index.html.erb within layouts/application
  Rendered home/index.html.erb within layouts/application (Duration: 2.2ms | Allocations: 311)
[Webpacker] Everything's up-to-date. Nothing to do
  Rendered layout layouts/application.html.erb (Duration: 30.0ms | Allocations: 6490)
Completed 200 OK in 42ms (Views: 38.0ms | ActiveRecord: 0.0ms | Allocations: 7757)


Started GET "/home" for 127.0.0.1 at 2023-03-06 12:11:41 +0530
Processing by HomeController#index as HTML
  Rendering layout layouts/application.html.erb
  Rendering home/index.html.erb within layouts/application
  Rendered home/index.html.erb within layouts/application (Duration: 1.5ms | Allocations: 297)
[Webpacker] Everything's up-to-date. Nothing to do
  Rendered layout layouts/application.html.erb (Duration: 10.9ms | Allocations: 3575)
Completed 200 OK in 15ms (Views: 13.3ms | ActiveRecord: 0.0ms | Allocations: 4810)


Started GET "/movies/11/comments" for 127.0.0.1 at 2023-03-06 13:03:04 +0530
  
ActionController::RoutingError (No route matches [GET] "/movies/11/comments"):
  
Started GET "/home" for 127.0.0.1 at 2023-03-06 13:03:05 +0530
Processing by HomeController#index as HTML
  Rendering layout layouts/application.html.erb
  Rendering home/index.html.erb within layouts/application
  Rendered home/index.html.erb within layouts/application (Duration: 0.7ms | Allocations: 335)
[Webpacker] Everything's up-to-date. Nothing to do
  Rendered layout layouts/application.html.erb (Duration: 11.4ms | Allocations: 3613)
Completed 200 OK in 14ms (Views: 13.0ms | Allocations: 4845)


Started GET "/home" for 127.0.0.1 at 2023-03-06 13:03:12 +0530
Processing by HomeController#index as HTML
  Rendering layout layouts/application.html.erb
  Rendering home/index.html.erb within layouts/application
  Rendered home/index.html.erb within layouts/application (Duration: 0.6ms | Allocations: 337)
[Webpacker] Everything's up-to-date. Nothing to do
  Rendered layout layouts/application.html.erb (Duration: 4.9ms | Allocations: 3624)
Completed 200 OK in 7ms (Views: 5.9ms | Allocations: 4852)


Started GET "/about" for 127.0.0.1 at 2023-03-06 13:03:15 +0530
Processing by PagesController#about_us as HTML
  Rendering layout layouts/application.html.erb
  Rendering pages/about_us.html.erb within layouts/application
  Rendered pages/about_us.html.erb within layouts/application (Duration: 0.7ms | Allocations: 109)
[Webpacker] Everything's up-to-date. Nothing to do
  Rendered layout layouts/application.html.erb (Duration: 6.7ms | Allocations: 3220)
Completed 200 OK in 9ms (Views: 8.0ms | Allocations: 4247)


Started GET "/home" for 127.0.0.1 at 2023-03-06 13:04:31 +0530
Processing by HomeController#index as HTML
  Rendering layout layouts/application.html.erb
  Rendering home/index.html.erb within layouts/application
  Rendered home/index.html.erb within layouts/application (Duration: 1.0ms | Allocations: 375)
[Webpacker] Everything's up-to-date. Nothing to do
  Rendered layout layouts/application.html.erb (Duration: 6.4ms | Allocations: 3652)
Completed 200 OK in 9ms (Views: 8.2ms | Allocations: 4876)


Started GET "/about" for 127.0.0.1 at 2023-03-06 13:04:32 +0530
Processing by PagesController#about_us as HTML
  Rendering layout layouts/application.html.erb
  Rendering pages/about_us.html.erb within layouts/application
  Rendered pages/about_us.html.erb within layouts/application (Duration: 0.3ms | Allocations: 107)
[Webpacker] Everything's up-to-date. Nothing to do
  Rendered layout layouts/application.html.erb (Duration: 6.2ms | Allocations: 3217)
Completed 200 OK in 8ms (Views: 7.2ms | Allocations: 4209)


Started GET "/about" for 127.0.0.1 at 2023-03-06 13:05:47 +0530
Processing by PagesController#about_us as HTML
  Rendering layout layouts/application.html.erb
  Rendering pages/about_us.html.erb within layouts/application
  Rendered pages/about_us.html.erb within layouts/application (Duration: 0.4ms | Allocations: 108)
[Webpacker] Everything's up-to-date. Nothing to do
  Rendered layout layouts/application.html.erb (Duration: 6.3ms | Allocations: 3399)
Completed 200 OK in 14ms (Views: 10.5ms | Allocations: 4625)


Started GET "/about" for 127.0.0.1 at 2023-03-06 13:05:52 +0530
Processing by PagesController#about_us as HTML
  Rendering layout layouts/application.html.erb
  Rendering pages/about_us.html.erb within layouts/application
  Rendered pages/about_us.html.erb within layouts/application (Duration: 0.4ms | Allocations: 108)
[Webpacker] Everything's up-to-date. Nothing to do
  Rendered layout layouts/application.html.erb (Duration: 7.2ms | Allocations: 3390)
Completed 200 OK in 10ms (Views: 8.9ms | Allocations: 4615)


Started GET "/home" for 127.0.0.1 at 2023-03-06 13:06:11 +0530
Processing by HomeController#index as HTML
  Rendering layout layouts/application.html.erb
  Rendering home/index.html.erb within layouts/application
  Rendered home/index.html.erb within layouts/application (Duration: 2.5ms | Allocations: 399)
[Webpacker] Everything's up-to-date. Nothing to do
  Rendered layout layouts/application.html.erb (Duration: 20.3ms | Allocations: 3676)
Completed 200 OK in 28ms (Views: 24.9ms | Allocations: 4904)


Started GET "/about" for 127.0.0.1 at 2023-03-06 13:06:12 +0530
Processing by PagesController#about_us as HTML
  Rendering layout layouts/application.html.erb
  Rendering pages/about_us.html.erb within layouts/application
  Rendered pages/about_us.html.erb within layouts/application (Duration: 1.1ms | Allocations: 107)
[Webpacker] Everything's up-to-date. Nothing to do
  Rendered layout layouts/application.html.erb (Duration: 10.0ms | Allocations: 3217)
Completed 200 OK in 15ms (Views: 13.1ms | Allocations: 4208)


Started GET "/home" for 127.0.0.1 at 2023-03-06 14:16:23 +0530
Processing by HomeController#index as HTML
  Rendering layout layouts/application.html.erb
  Rendering home/index.html.erb within layouts/application
  Rendered home/index.html.erb within layouts/application (Duration: 3.0ms | Allocations: 1243)
  Rendered layout layouts/application.html.erb (Duration: 3.5ms | Allocations: 1313)
Completed 500 Internal Server Error in 11ms (Allocations: 2512)


  
ActionView::SyntaxErrorInTemplate (Encountered a syntax error while rendering template: check <h1>Home index</h1>

<%= link_to "About Us", about_path, target: '_blank'%>
<br>
<%= link_to "Contact Us", contact_path, target: '_blank'%>
<br>
<%= link_to "Privacy Policy", privacy-policy_path, target: '_blank'%>
<br>
<%= link_to "Terms & Conditions", term-and-condition_path, target: '_blank'%>
<br>
<!--
<%= link_to "About Us C.", controller: :pages, action: :about_us %>
<br>
<%= link_to 'About Us N.', '/about'%>
<br>
<%= link_to nil, about_path %>
-->

<%# path ko as name de dega %>

):
1:    <h1>Home index</h1>
2:    
3:    <%= link_to "About Us", about_path, target: '_blank'%>
4:    <br>
5:    <%= link_to "Contact Us", contact_path, target: '_blank'%>
6:    <br>
7:    <%= link_to "Privacy Policy", privacy-policy_path, target: '_blank'%>
8:    <br>
9:    <%= link_to "Terms & Conditions", term-and-condition_path, target: '_blank'%>
10:    <br>
11:    <!--
12:    <%= link_to "About Us C.", controller: :pages, action: :about_us %>
13:    <br>
14:    <%= link_to 'About Us N.', '/about'%>
15:    <br>
16:    <%= link_to nil, about_path %>
17:    -->
18:    
19:    <%# path ko as name de dega %>
  
app/views/home/index.html.erb:9: syntax error, unexpected `and'
app/views/home/index.html.erb:9: syntax error, unexpected `and'
app/views/home/index.html.erb:9: syntax error, unexpected `and'
app/views/home/index.html.erb:9: syntax error, unexpected `and'
app/views/home/index.html.erb:9: syntax error, unexpected `and'
app/views/home/index.html.erb:9: syntax error, unexpected `and'
Started GET "/home" for 127.0.0.1 at 2023-03-06 14:16:57 +0530
Processing by HomeController#index as HTML
  Rendering layout layouts/application.html.erb
  Rendering home/index.html.erb within layouts/application
  Rendered home/index.html.erb within layouts/application (Duration: 3.2ms | Allocations: 594)
[Webpacker] Everything's up-to-date. Nothing to do
  Rendered layout layouts/application.html.erb (Duration: 18.7ms | Allocations: 3885)
Completed 200 OK in 26ms (Views: 23.8ms | Allocations: 5113)


Started GET "/term-and-condition" for 127.0.0.1 at 2023-03-06 14:16:58 +0530
Processing by PagesController#terms_and_conditions as HTML
  Rendering layout layouts/application.html.erb
  Rendering pages/terms_and_conditions.html.erb within layouts/application
  Rendered pages/terms_and_conditions.html.erb within layouts/application (Duration: 0.6ms | Allocations: 109)
[Webpacker] Everything's up-to-date. Nothing to do
  Rendered layout layouts/application.html.erb (Duration: 9.8ms | Allocations: 3219)
Completed 200 OK in 14ms (Views: 12.2ms | Allocations: 4212)


Started GET "/contact" for 127.0.0.1 at 2023-03-06 14:18:16 +0530
Processing by PagesController#contact_us as HTML
  Rendering layout layouts/application.html.erb
  Rendering pages/contact_us.html.erb within layouts/application
  Rendered pages/contact_us.html.erb within layouts/application (Duration: 0.8ms | Allocations: 393)
[Webpacker] Everything's up-to-date. Nothing to do
  Rendered layout layouts/application.html.erb (Duration: 7.3ms | Allocations: 3670)
Completed 200 OK in 10ms (Views: 9.1ms | Allocations: 4894)


Started GET "/about" for 127.0.0.1 at 2023-03-06 14:18:18 +0530
Processing by PagesController#about_us as HTML
  Rendering layout layouts/application.html.erb
  Rendering pages/about_us.html.erb within layouts/application
  Rendered pages/about_us.html.erb within layouts/application (Duration: 1.1ms | Allocations: 365)
[Webpacker] Everything's up-to-date. Nothing to do
  Rendered layout layouts/application.html.erb (Duration: 7.6ms | Allocations: 3408)
Completed 200 OK in 10ms (Views: 8.8ms | Allocations: 3975)


Started GET "/term-and-condition" for 127.0.0.1 at 2023-03-06 14:56:06 +0530
Processing by PagesController#terms_and_conditions as HTML
  Rendering layout layouts/application.html.erb
  Rendering pages/terms_and_conditions.html.erb within layouts/application
  Rendered shared/_links.html.erb (Duration: 1.6ms | Allocations: 1276)
  Rendered pages/terms_and_conditions.html.erb within layouts/application (Duration: 2.7ms | Allocations: 1602)
  Rendered layout layouts/application.html.erb (Duration: 2.9ms | Allocations: 1672)
Completed 500 Internal Server Error in 6ms (Allocations: 2864)


  
ActionView::SyntaxErrorInTemplate (Encountered a syntax error while rendering template: check <%= link_to "About Us", about_path, %>
<br>
<%= link_to "Contact Us", contact_path, %>
<br>
<%= link_to "Privacy Policy", privacy_policy_path, %>
<br>
<%= link_to "Terms & Conditions", term_and_condition_path, %>
<br>

):
1:    <%= link_to "About Us", about_path, %>
2:    <br>
3:    <%= link_to "Contact Us", contact_path, %>
4:    <br>
5:    <%= link_to "Privacy Policy", privacy_policy_path, %>
6:    <br>
7:    <%= link_to "Terms & Conditions", term_and_condition_path, %>
8:    <br>
  
app/views/shared/_links.html.erb:1: syntax error, unexpected ')'
app/views/shared/_links.html.erb:3: syntax error, unexpected ')'
app/views/shared/_links.html.erb:5: syntax error, unexpected ')'
app/views/shared/_links.html.erb:7: syntax error, unexpected ')'
app/views/shared/_links.html.erb:11: syntax error, unexpected `end', expecting ')'
app/views/shared/_links.html.erb:1: syntax error, unexpected ')'
app/views/shared/_links.html.erb:3: syntax error, unexpected ')'
app/views/shared/_links.html.erb:5: syntax error, unexpected ')'
app/views/shared/_links.html.erb:7: syntax error, unexpected ')'
app/views/shared/_links.html.erb:11: syntax error, unexpected `end', expecting ')'
app/views/shared/_links.html.erb:1: syntax error, unexpected ')'
app/views/shared/_links.html.erb:3: syntax error, unexpected ')'
app/views/shared/_links.html.erb:5: syntax error, unexpected ')'
app/views/shared/_links.html.erb:7: syntax error, unexpected ')'
app/views/shared/_links.html.erb:11: syntax error, unexpected `end', expecting ')'
app/views/shared/_links.html.erb:1: syntax error, unexpected ')'
app/views/shared/_links.html.erb:3: syntax error, unexpected ')'
app/views/shared/_links.html.erb:5: syntax error, unexpected ')'
app/views/shared/_links.html.erb:7: syntax error, unexpected ')'
app/views/shared/_links.html.erb:11: syntax error, unexpected `end', expecting ')'
app/views/shared/_links.html.erb:1: syntax error, unexpected ')'
app/views/shared/_links.html.erb:3: syntax error, unexpected ')'
app/views/shared/_links.html.erb:5: syntax error, unexpected ')'
app/views/shared/_links.html.erb:7: syntax error, unexpected ')'
app/views/shared/_links.html.erb:11: syntax error, unexpected `end', expecting ')'
app/views/shared/_links.html.erb:1: syntax error, unexpected ')'
app/views/shared/_links.html.erb:3: syntax error, unexpected ')'
app/views/shared/_links.html.erb:5: syntax error, unexpected ')'
app/views/shared/_links.html.erb:7: syntax error, unexpected ')'
app/views/shared/_links.html.erb:11: syntax error, unexpected `end', expecting ')'
app/views/pages/terms_and_conditions.html.erb:4
Started GET "/about" for 127.0.0.1 at 2023-03-06 14:56:33 +0530
Processing by PagesController#about_us as HTML
  Rendering layout layouts/application.html.erb
  Rendering pages/about_us.html.erb within layouts/application
  Rendered shared/_links.html.erb (Duration: 2.5ms | Allocations: 1267)
  Rendered pages/about_us.html.erb within layouts/application (Duration: 3.7ms | Allocations: 1464)
  Rendered layout layouts/application.html.erb (Duration: 4.3ms | Allocations: 1534)
Completed 500 Internal Server Error in 7ms (Allocations: 2077)


  
ActionView::SyntaxErrorInTemplate (Encountered a syntax error while rendering template: check <%= link_to "About Us", about_path, %>
<br>
<%= link_to "Contact Us", contact_path, %>
<br>
<%= link_to "Privacy Policy", privacy_policy_path, %>
<br>
<%= link_to "Terms & Conditions", term_and_condition_path, %>
<br>

):
1:    <%= link_to "About Us", about_path, %>
2:    <br>
3:    <%= link_to "Contact Us", contact_path, %>
4:    <br>
5:    <%= link_to "Privacy Policy", privacy_policy_path, %>
6:    <br>
7:    <%= link_to "Terms & Conditions", term_and_condition_path, %>
8:    <br>
  
app/views/shared/_links.html.erb:1: syntax error, unexpected ')'
app/views/shared/_links.html.erb:3: syntax error, unexpected ')'
app/views/shared/_links.html.erb:5: syntax error, unexpected ')'
app/views/shared/_links.html.erb:7: syntax error, unexpected ')'
app/views/shared/_links.html.erb:11: syntax error, unexpected `end', expecting ')'
app/views/shared/_links.html.erb:1: syntax error, unexpected ')'
app/views/shared/_links.html.erb:3: syntax error, unexpected ')'
app/views/shared/_links.html.erb:5: syntax error, unexpected ')'
app/views/shared/_links.html.erb:7: syntax error, unexpected ')'
app/views/shared/_links.html.erb:11: syntax error, unexpected `end', expecting ')'
app/views/shared/_links.html.erb:1: syntax error, unexpected ')'
app/views/shared/_links.html.erb:3: syntax error, unexpected ')'
app/views/shared/_links.html.erb:5: syntax error, unexpected ')'
app/views/shared/_links.html.erb:7: syntax error, unexpected ')'
app/views/shared/_links.html.erb:11: syntax error, unexpected `end', expecting ')'
app/views/shared/_links.html.erb:1: syntax error, unexpected ')'
app/views/shared/_links.html.erb:3: syntax error, unexpected ')'
app/views/shared/_links.html.erb:5: syntax error, unexpected ')'
app/views/shared/_links.html.erb:7: syntax error, unexpected ')'
app/views/shared/_links.html.erb:11: syntax error, unexpected `end', expecting ')'
app/views/shared/_links.html.erb:1: syntax error, unexpected ')'
app/views/shared/_links.html.erb:3: syntax error, unexpected ')'
app/views/shared/_links.html.erb:5: syntax error, unexpected ')'
app/views/shared/_links.html.erb:7: syntax error, unexpected ')'
app/views/shared/_links.html.erb:11: syntax error, unexpected `end', expecting ')'
app/views/shared/_links.html.erb:1: syntax error, unexpected ')'
app/views/shared/_links.html.erb:3: syntax error, unexpected ')'
app/views/shared/_links.html.erb:5: syntax error, unexpected ')'
app/views/shared/_links.html.erb:7: syntax error, unexpected ')'
app/views/shared/_links.html.erb:11: syntax error, unexpected `end', expecting ')'
app/views/pages/about_us.html.erb:4
Started GET "/home" for 127.0.0.1 at 2023-03-06 14:57:03 +0530
Processing by HomeController#index as HTML
  Rendering layout layouts/application.html.erb
  Rendering home/index.html.erb within layouts/application
  Rendered shared/_links.html.erb (Duration: 1.3ms | Allocations: 322)
  Rendered home/index.html.erb within layouts/application (Duration: 4.2ms | Allocations: 845)
[Webpacker] Everything's up-to-date. Nothing to do
  Rendered layout layouts/application.html.erb (Duration: 17.9ms | Allocations: 4136)
Completed 200 OK in 22ms (Views: 20.6ms | Allocations: 5364)


Started GET "/about" for 127.0.0.1 at 2023-03-06 14:57:04 +0530
Processing by PagesController#about_us as HTML
  Rendering layout layouts/application.html.erb
  Rendering pages/about_us.html.erb within layouts/application
  Rendered shared/_links.html.erb (Duration: 1.3ms | Allocations: 187)
  Rendered pages/about_us.html.erb within layouts/application (Duration: 4.4ms | Allocations: 375)
[Webpacker] Everything's up-to-date. Nothing to do
  Rendered layout layouts/application.html.erb (Duration: 20.3ms | Allocations: 3481)
Completed 200 OK in 29ms (Views: 25.6ms | Allocations: 4477)


Started GET "/about" for 127.0.0.1 at 2023-03-06 14:57:09 +0530
Processing by PagesController#about_us as HTML
  Rendering layout layouts/application.html.erb
  Rendering pages/about_us.html.erb within layouts/application
  Rendered shared/_links.html.erb (Duration: 0.2ms | Allocations: 163)
  Rendered pages/about_us.html.erb within layouts/application (Duration: 0.3ms | Allocations: 259)
[Webpacker] Everything's up-to-date. Nothing to do
  Rendered layout layouts/application.html.erb (Duration: 4.7ms | Allocations: 3302)
Completed 200 OK in 6ms (Views: 5.1ms | Allocations: 3741)


Started GET "/about" for 127.0.0.1 at 2023-03-06 14:57:10 +0530
Processing by PagesController#about_us as HTML
  Rendering layout layouts/application.html.erb
  Rendering pages/about_us.html.erb within layouts/application
  Rendered shared/_links.html.erb (Duration: 0.4ms | Allocations: 163)
  Rendered pages/about_us.html.erb within layouts/application (Duration: 0.7ms | Allocations: 259)
[Webpacker] Everything's up-to-date. Nothing to do
  Rendered layout layouts/application.html.erb (Duration: 6.5ms | Allocations: 3316)
Completed 200 OK in 8ms (Views: 7.1ms | Allocations: 3755)


Started GET "/about" for 127.0.0.1 at 2023-03-06 14:57:10 +0530
Processing by PagesController#about_us as HTML
  Rendering layout layouts/application.html.erb
  Rendering pages/about_us.html.erb within layouts/application
  Rendered shared/_links.html.erb (Duration: 1.1ms | Allocations: 163)
  Rendered pages/about_us.html.erb within layouts/application (Duration: 1.9ms | Allocations: 259)
[Webpacker] Everything's up-to-date. Nothing to do
  Rendered layout layouts/application.html.erb (Duration: 22.8ms | Allocations: 3302)
Completed 200 OK in 27ms (Views: 24.5ms | Allocations: 3740)


Started GET "/about" for 127.0.0.1 at 2023-03-06 14:57:10 +0530
Processing by PagesController#about_us as HTML
  Rendering layout layouts/application.html.erb
  Rendering pages/about_us.html.erb within layouts/application
  Rendered shared/_links.html.erb (Duration: 0.5ms | Allocations: 163)
  Rendered pages/about_us.html.erb within layouts/application (Duration: 0.8ms | Allocations: 259)
[Webpacker] Everything's up-to-date. Nothing to do
  Rendered layout layouts/application.html.erb (Duration: 5.9ms | Allocations: 3302)
Completed 200 OK in 7ms (Views: 6.4ms | Allocations: 3740)


Started GET "/about" for 127.0.0.1 at 2023-03-06 14:57:11 +0530
Processing by PagesController#about_us as HTML
  Rendering layout layouts/application.html.erb
  Rendering pages/about_us.html.erb within layouts/application
  Rendered shared/_links.html.erb (Duration: 0.2ms | Allocations: 163)
  Rendered pages/about_us.html.erb within layouts/application (Duration: 0.4ms | Allocations: 259)
[Webpacker] Everything's up-to-date. Nothing to do
  Rendered layout layouts/application.html.erb (Duration: 4.1ms | Allocations: 3302)
Completed 200 OK in 5ms (Views: 4.5ms | Allocations: 3740)


Started GET "/about" for 127.0.0.1 at 2023-03-06 14:57:11 +0530
Processing by PagesController#about_us as HTML
  Rendering layout layouts/application.html.erb
  Rendering pages/about_us.html.erb within layouts/application
  Rendered shared/_links.html.erb (Duration: 0.5ms | Allocations: 163)
  Rendered pages/about_us.html.erb within layouts/application (Duration: 0.9ms | Allocations: 259)
[Webpacker] Everything's up-to-date. Nothing to do
  Rendered layout layouts/application.html.erb (Duration: 6.3ms | Allocations: 3302)
Completed 200 OK in 8ms (Views: 7.3ms | Allocations: 3740)


Started GET "/about" for 127.0.0.1 at 2023-03-06 14:57:11 +0530
Processing by PagesController#about_us as HTML
  Rendering layout layouts/application.html.erb
  Rendering pages/about_us.html.erb within layouts/application
  Rendered shared/_links.html.erb (Duration: 1.1ms | Allocations: 163)
  Rendered pages/about_us.html.erb within layouts/application (Duration: 1.9ms | Allocations: 259)
[Webpacker] Everything's up-to-date. Nothing to do
  Rendered layout layouts/application.html.erb (Duration: 22.0ms | Allocations: 3302)
Completed 200 OK in 26ms (Views: 23.8ms | Allocations: 3740)


Started GET "/contact" for 127.0.0.1 at 2023-03-06 14:57:12 +0530
Processing by PagesController#contact_us as HTML
  Rendering layout layouts/application.html.erb
  Rendering pages/contact_us.html.erb within layouts/application
  Rendered shared/_links.html.erb (Duration: 0.2ms | Allocations: 163)
  Rendered pages/contact_us.html.erb within layouts/application (Duration: 0.6ms | Allocations: 349)
[Webpacker] Everything's up-to-date. Nothing to do
  Rendered layout layouts/application.html.erb (Duration: 5.4ms | Allocations: 3392)
Completed 200 OK in 8ms (Views: 6.3ms | Allocations: 3960)


Started GET "/contact" for 127.0.0.1 at 2023-03-06 14:57:14 +0530
Processing by PagesController#contact_us as HTML
  Rendering layout layouts/application.html.erb
  Rendering pages/contact_us.html.erb within layouts/application
  Rendered shared/_links.html.erb (Duration: 0.2ms | Allocations: 163)
  Rendered pages/contact_us.html.erb within layouts/application (Duration: 0.4ms | Allocations: 259)
[Webpacker] Everything's up-to-date. Nothing to do
  Rendered layout layouts/application.html.erb (Duration: 5.2ms | Allocations: 3302)
Completed 200 OK in 6ms (Views: 5.6ms | Allocations: 3740)


Started GET "/home" for 127.0.0.1 at 2023-03-06 14:57:19 +0530
Processing by HomeController#index as HTML
  Rendering layout layouts/application.html.erb
  Rendering home/index.html.erb within layouts/application
  Rendered shared/_links.html.erb (Duration: 0.9ms | Allocations: 163)
  Rendered home/index.html.erb within layouts/application (Duration: 2.6ms | Allocations: 381)
[Webpacker] Everything's up-to-date. Nothing to do
  Rendered layout layouts/application.html.erb (Duration: 20.7ms | Allocations: 3424)
Completed 200 OK in 24ms (Views: 22.1ms | Allocations: 3862)


Started GET "/home" for 127.0.0.1 at 2023-03-06 15:09:54 +0530
Processing by HomeController#index as HTML
  Rendering layout layouts/application.html.erb
  Rendering home/index.html.erb within layouts/application
  Rendered shared/_links.html.erb (Duration: 1.3ms | Allocations: 321)
  Rendered home/index.html.erb within layouts/application (Duration: 4.2ms | Allocations: 842)
[Webpacker] Everything's up-to-date. Nothing to do
  Rendered layout layouts/application.html.erb (Duration: 14.8ms | Allocations: 4122)
Completed 200 OK in 22ms (Views: 19.3ms | Allocations: 5350)


Started GET "/home" for 127.0.0.1 at 2023-03-06 15:11:14 +0530
Processing by HomeController#index as HTML
  Rendering layout layouts/application.html.erb
  Rendering home/index.html.erb within layouts/application
  Rendered shared/_links.html.erb (Duration: 1.2ms | Allocations: 321)
  Rendered home/index.html.erb within layouts/application (Duration: 4.1ms | Allocations: 841)
[Webpacker] Everything's up-to-date. Nothing to do
  Rendered layout layouts/application.html.erb (Duration: 18.4ms | Allocations: 4131)
Completed 200 OK in 25ms (Views: 22.3ms | Allocations: 5356)


Started GET "/home" for 127.0.0.1 at 2023-03-06 15:12:29 +0530
Processing by HomeController#index as HTML
  Rendering layout layouts/application.html.erb
  Rendering home/index.html.erb within layouts/application
  Rendered shared/_links.html.erb (Duration: 2.5ms | Allocations: 321)
  Rendered home/index.html.erb within layouts/application (Duration: 6.9ms | Allocations: 841)
[Webpacker] Everything's up-to-date. Nothing to do
  Rendered layout layouts/application.html.erb (Duration: 24.6ms | Allocations: 4126)
Completed 200 OK in 35ms (Views: 31.5ms | Allocations: 5352)


Started GET "/home" for 127.0.0.1 at 2023-03-06 15:16:48 +0530
Processing by HomeController#index as HTML
  Rendering layout layouts/application.html.erb
  Rendering home/index.html.erb within layouts/application
  Rendered shared/_links.html.erb (Duration: 0.5ms | Allocations: 321)
  Rendered home/index.html.erb within layouts/application (Duration: 1.7ms | Allocations: 844)
[Webpacker] Everything's up-to-date. Nothing to do
  Rendered shared/_header.html.erb (Duration: 0.5ms | Allocations: 136)
  Rendered layout layouts/application.html.erb (Duration: 7.2ms | Allocations: 4482)
Completed 200 OK in 9ms (Views: 8.2ms | Allocations: 5711)


Started GET "/home" for 127.0.0.1 at 2023-03-06 15:17:47 +0530
Processing by HomeController#index as HTML
  Rendering layout layouts/application.html.erb
  Rendering home/index.html.erb within layouts/application
  Rendered shared/_links.html.erb (Duration: 0.5ms | Allocations: 321)
  Rendered home/index.html.erb within layouts/application (Duration: 1.5ms | Allocations: 840)
[Webpacker] Everything's up-to-date. Nothing to do
  Rendered shared/_header.html.erb (Duration: 1.3ms | Allocations: 140)
  Rendered layout layouts/application.html.erb (Duration: 8.6ms | Allocations: 4466)
Completed 200 OK in 12ms (Views: 10.3ms | Allocations: 5689)


Started GET "/home" for 127.0.0.1 at 2023-03-06 15:17:50 +0530
Processing by HomeController#index as HTML
  Rendering layout layouts/application.html.erb
  Rendering home/index.html.erb within layouts/application
  Rendered shared/_links.html.erb (Duration: 0.3ms | Allocations: 163)
  Rendered home/index.html.erb within layouts/application (Duration: 0.8ms | Allocations: 381)
[Webpacker] Everything's up-to-date. Nothing to do
  Rendered shared/_header.html.erb (Duration: 0.1ms | Allocations: 39)
  Rendered layout layouts/application.html.erb (Duration: 4.2ms | Allocations: 3521)
Completed 200 OK in 5ms (Views: 4.7ms | Allocations: 3958)


Started GET "/home" for 127.0.0.1 at 2023-03-06 15:17:51 +0530
Processing by HomeController#index as HTML
  Rendering layout layouts/application.html.erb
  Rendering home/index.html.erb within layouts/application
  Rendered shared/_links.html.erb (Duration: 0.5ms | Allocations: 163)
  Rendered home/index.html.erb within layouts/application (Duration: 1.2ms | Allocations: 381)
[Webpacker] Everything's up-to-date. Nothing to do
  Rendered shared/_header.html.erb (Duration: 0.1ms | Allocations: 39)
  Rendered layout layouts/application.html.erb (Duration: 6.3ms | Allocations: 3521)
Completed 200 OK in 7ms (Views: 6.7ms | Allocations: 3957)


Started GET "/home" for 127.0.0.1 at 2023-03-06 15:17:51 +0530
Processing by HomeController#index as HTML
  Rendering layout layouts/application.html.erb
  Rendering home/index.html.erb within layouts/application
  Rendered shared/_links.html.erb (Duration: 0.8ms | Allocations: 163)
  Rendered home/index.html.erb within layouts/application (Duration: 2.2ms | Allocations: 381)
[Webpacker] Everything's up-to-date. Nothing to do
  Rendered shared/_header.html.erb (Duration: 0.3ms | Allocations: 39)
  Rendered layout layouts/application.html.erb (Duration: 19.7ms | Allocations: 3521)
Completed 200 OK in 22ms (Views: 21.0ms | Allocations: 3957)


Started GET "/home" for 127.0.0.1 at 2023-03-06 15:17:52 +0530
Processing by HomeController#index as HTML
  Rendering layout layouts/application.html.erb
  Rendering home/index.html.erb within layouts/application
  Rendered shared/_links.html.erb (Duration: 0.6ms | Allocations: 163)
  Rendered home/index.html.erb within layouts/application (Duration: 1.5ms | Allocations: 381)
[Webpacker] Everything's up-to-date. Nothing to do
  Rendered shared/_header.html.erb (Duration: 0.2ms | Allocations: 39)
  Rendered layout layouts/application.html.erb (Duration: 11.7ms | Allocations: 3521)
Completed 200 OK in 14ms (Views: 12.7ms | Allocations: 3957)


Started GET "/home" for 127.0.0.1 at 2023-03-06 15:18:19 +0530
Processing by HomeController#index as HTML
  Rendering layout layouts/application.html.erb
  Rendering home/index.html.erb within layouts/application
  Rendered shared/_links.html.erb (Duration: 0.6ms | Allocations: 321)
  Rendered home/index.html.erb within layouts/application (Duration: 1.5ms | Allocations: 841)
[Webpacker] Everything's up-to-date. Nothing to do
  Rendered shared/_header.html.erb (Duration: 0.5ms | Allocations: 140)
  Rendered layout layouts/application.html.erb (Duration: 7.6ms | Allocations: 4467)
Completed 200 OK in 9ms (Views: 8.7ms | Allocations: 5689)


Started GET "/home" for 127.0.0.1 at 2023-03-06 15:18:36 +0530
Processing by HomeController#index as HTML
  Rendering layout layouts/application.html.erb
  Rendering home/index.html.erb within layouts/application
  Rendered shared/_links.html.erb (Duration: 1.7ms | Allocations: 321)
  Rendered home/index.html.erb within layouts/application (Duration: 4.8ms | Allocations: 840)
[Webpacker] Everything's up-to-date. Nothing to do
  Rendered shared/_header.html.erb (Duration: 2.0ms | Allocations: 140)
  Rendered layout layouts/application.html.erb (Duration: 24.5ms | Allocations: 4466)
Completed 200 OK in 32ms (Views: 29.8ms | Allocations: 5689)


Started GET "/home" for 127.0.0.1 at 2023-03-06 15:18:49 +0530
Processing by HomeController#index as HTML
  Rendering layout layouts/application.html.erb
  Rendering home/index.html.erb within layouts/application
  Rendered shared/_links.html.erb (Duration: 1.9ms | Allocations: 321)
  Rendered home/index.html.erb within layouts/application (Duration: 5.9ms | Allocations: 842)
[Webpacker] Everything's up-to-date. Nothing to do
  Rendered shared/_header.html.erb (Duration: 0.9ms | Allocations: 140)
  Rendered layout layouts/application.html.erb (Duration: 21.0ms | Allocations: 4471)
Completed 200 OK in 29ms (Views: 26.1ms | Allocations: 5700)


Started GET "/home" for 127.0.0.1 at 2023-03-06 15:19:08 +0530
Processing by HomeController#index as HTML
  Rendering layout layouts/application.html.erb
  Rendering home/index.html.erb within layouts/application
  Rendered shared/_links.html.erb (Duration: 1.7ms | Allocations: 321)
  Rendered home/index.html.erb within layouts/application (Duration: 4.1ms | Allocations: 841)
[Webpacker] Everything's up-to-date. Nothing to do
  Rendered shared/_header.html.erb (Duration: 0.7ms | Allocations: 139)
  Rendered layout layouts/application.html.erb (Duration: 14.5ms | Allocations: 4477)
Completed 200 OK in 21ms (Views: 17.9ms | Allocations: 5705)


Started GET "/home" for 127.0.0.1 at 2023-03-06 15:19:30 +0530
Processing by HomeController#index as HTML
  Rendering layout layouts/application.html.erb
  Rendering home/index.html.erb within layouts/application
  Rendered shared/_links.html.erb (Duration: 1.6ms | Allocations: 321)
  Rendered home/index.html.erb within layouts/application (Duration: 4.6ms | Allocations: 846)
[Webpacker] Everything's up-to-date. Nothing to do
  Rendered shared/_header.html.erb (Duration: 0.8ms | Allocations: 140)
  Rendered layout layouts/application.html.erb (Duration: 18.5ms | Allocations: 4487)
Completed 200 OK in 28ms (Views: 24.3ms | Allocations: 5716)


Started GET "/home" for 127.0.0.1 at 2023-03-06 15:20:19 +0530
Processing by HomeController#index as HTML
  Rendering layout layouts/application.html.erb
  Rendering home/index.html.erb within layouts/application
  Rendered shared/_links.html.erb (Duration: 2.6ms | Allocations: 321)
  Rendered home/index.html.erb within layouts/application (Duration: 7.2ms | Allocations: 840)
[Webpacker] Everything's up-to-date. Nothing to do
  Rendered shared/_header.html.erb (Duration: 0.9ms | Allocations: 136)
  Rendered layout layouts/application.html.erb (Duration: 23.2ms | Allocations: 4462)
Completed 200 OK in 33ms (Views: 30.3ms | Allocations: 5685)


Started GET "/home" for 127.0.0.1 at 2023-03-06 15:22:02 +0530
Processing by HomeController#index as HTML
  Rendering layout layouts/application.html.erb
  Rendering home/index.html.erb within layouts/application
  Rendered shared/_links.html.erb (Duration: 0.4ms | Allocations: 321)
  Rendered home/index.html.erb within layouts/application (Duration: 1.2ms | Allocations: 840)
[Webpacker] Everything's up-to-date. Nothing to do
  Rendered shared/_header.html.erb (Duration: 10.6ms | Allocations: 4222)
  Rendered layout layouts/application.html.erb (Duration: 16.7ms | Allocations: 8546)
Completed 500 Internal Server Error in 19ms (Allocations: 9737)


  
ActionView::Template::Error (undefined local variable or method `root_path' for #<ActionView::Base:0x0000000000ad70>
Did you mean?  font_path):
    1: <nav class="navbar navbar-expand-lg navbar-dark bg-primary">
    2:   <div class="container-fluid">
    3:     <%= link_to 'HR-Portal', root_path, class: 'navbar-brand' %>
    4:     <button class="navbar-toggler" type="button" data-bs-toggle="collapse" data-bs-target="#navbarSupportedContent" aria-controls="navbarSupportedContent" aria-expanded="false" aria-label="Toggle navigation">
    5:       <span class="navbar-toggler-icon"></span>
    6:     </button>
  
app/views/shared/_header.html.erb:3
app/views/layouts/application.html.erb:15
Started GET "/home" for 127.0.0.1 at 2023-03-06 15:26:15 +0530
Processing by HomeController#index as HTML
  Rendering layout layouts/application.html.erb
  Rendering home/index.html.erb within layouts/application
  Rendered shared/_links.html.erb (Duration: 1.3ms | Allocations: 163)
  Rendered home/index.html.erb within layouts/application (Duration: 2.8ms | Allocations: 381)
[Webpacker] Everything's up-to-date. Nothing to do
  Rendered shared/_header.html.erb (Duration: 16.7ms | Allocations: 4043)
  Rendered layout layouts/application.html.erb (Duration: 34.4ms | Allocations: 7538)
Completed 500 Internal Server Error in 37ms (Allocations: 7941)


  
ActionView::Template::Error (undefined local variable or method `root_path' for #<ActionView::Base:0x0000000000b1a8>
Did you mean?  font_path):
    1: <nav class="navbar navbar-expand-lg navbar-dark bg-primary">
    2:   <div class="container-fluid">
    3:     <%= link_to 'HR-Portal', root_path, class: 'navbar-brand' %>
    4:     <button class="navbar-toggler" type="button" data-bs-toggle="collapse" data-bs-target="#navbarSupportedContent" aria-controls="navbarSupportedContent" aria-expanded="false" aria-label="Toggle navigation">
    5:       <span class="navbar-toggler-icon"></span>
    6:     </button>
  
app/views/shared/_header.html.erb:3
app/views/layouts/application.html.erb:15
Started GET "/" for 127.0.0.1 at 2023-03-06 15:26:47 +0530
Processing by Rails::WelcomeController#index as HTML
  Rendering /home/gammastack/.rvm/gems/ruby-3.0.0/gems/railties-6.1.7.2/lib/rails/templates/rails/welcome/index.html.erb
  Rendered /home/gammastack/.rvm/gems/ruby-3.0.0/gems/railties-6.1.7.2/lib/rails/templates/rails/welcome/index.html.erb (Duration: 6.0ms | Allocations: 221)
Completed 200 OK in 8ms (Views: 7.1ms | Allocations: 1083)


Started GET "/home" for 127.0.0.1 at 2023-03-06 15:26:53 +0530
Processing by HomeController#index as HTML
  Rendering layout layouts/application.html.erb
  Rendering home/index.html.erb within layouts/application
  Rendered shared/_links.html.erb (Duration: 2.1ms | Allocations: 321)
  Rendered home/index.html.erb within layouts/application (Duration: 5.5ms | Allocations: 841)
[Webpacker] Everything's up-to-date. Nothing to do
  Rendered shared/_header.html.erb (Duration: 9.4ms | Allocations: 4173)
  Rendered layout layouts/application.html.erb (Duration: 31.8ms | Allocations: 8508)
Completed 500 Internal Server Error in 42ms (Allocations: 9910)


  
ActionView::Template::Error (undefined local variable or method `root_path' for #<ActionView::Base:0x0000000000b680>
Did you mean?  font_path):
    1: <nav class="navbar navbar-expand-lg navbar-dark bg-primary">
    2:   <div class="container-fluid">
    3:     <%= link_to 'HR-Portal', root_path, class: 'navbar-brand' %>
    4:     <button class="navbar-toggler" type="button" data-bs-toggle="collapse" data-bs-target="#navbarSupportedContent" aria-controls="navbarSupportedContent" aria-expanded="false" aria-label="Toggle navigation">
    5:       <span class="navbar-toggler-icon"></span>
    6:     </button>
  
app/views/shared/_header.html.erb:3
app/views/layouts/application.html.erb:15
Started GET "/home" for 127.0.0.1 at 2023-03-06 15:26:55 +0530
Processing by HomeController#index as HTML
  Rendering layout layouts/application.html.erb
  Rendering home/index.html.erb within layouts/application
  Rendered shared/_links.html.erb (Duration: 1.2ms | Allocations: 163)
  Rendered home/index.html.erb within layouts/application (Duration: 2.7ms | Allocations: 381)
[Webpacker] Everything's up-to-date. Nothing to do
  Rendered shared/_header.html.erb (Duration: 15.7ms | Allocations: 4043)
  Rendered layout layouts/application.html.erb (Duration: 37.9ms | Allocations: 7534)
Completed 500 Internal Server Error in 41ms (Allocations: 7937)


  
ActionView::Template::Error (undefined local variable or method `root_path' for #<ActionView::Base:0x0000000000ba68>
Did you mean?  font_path):
    1: <nav class="navbar navbar-expand-lg navbar-dark bg-primary">
    2:   <div class="container-fluid">
    3:     <%= link_to 'HR-Portal', root_path, class: 'navbar-brand' %>
    4:     <button class="navbar-toggler" type="button" data-bs-toggle="collapse" data-bs-target="#navbarSupportedContent" aria-controls="navbarSupportedContent" aria-expanded="false" aria-label="Toggle navigation">
    5:       <span class="navbar-toggler-icon"></span>
    6:     </button>
  
app/views/shared/_header.html.erb:3
app/views/layouts/application.html.erb:15
Started GET "/" for 127.0.0.1 at 2023-03-06 15:27:45 +0530
Processing by HomeController#index as HTML
  Rendering layout layouts/application.html.erb
  Rendering home/index.html.erb within layouts/application
  Rendered shared/_links.html.erb (Duration: 0.3ms | Allocations: 189)
  Rendered home/index.html.erb within layouts/application (Duration: 1.1ms | Allocations: 774)
[Webpacker] Everything's up-to-date. Nothing to do
  Rendered shared/_header.html.erb (Duration: 0.2ms | Allocations: 78)
  Rendered layout layouts/application.html.erb (Duration: 7.4ms | Allocations: 3988)
Completed 200 OK in 9ms (Views: 8.3ms | Allocations: 4611)


Started GET "/about" for 127.0.0.1 at 2023-03-06 15:27:51 +0530
Processing by PagesController#about_us as HTML
  Rendering layout layouts/application.html.erb
  Rendering pages/about_us.html.erb within layouts/application
  Rendered shared/_links.html.erb (Duration: 1.4ms | Allocations: 188)
  Rendered pages/about_us.html.erb within layouts/application (Duration: 3.5ms | Allocations: 376)
[Webpacker] Everything's up-to-date. Nothing to do
  Rendered shared/_header.html.erb (Duration: 0.8ms | Allocations: 78)
  Rendered layout layouts/application.html.erb (Duration: 21.1ms | Allocations: 3618)
Completed 200 OK in 28ms (Views: 24.8ms | Allocations: 4637)


Started GET "/" for 127.0.0.1 at 2023-03-06 15:27:53 +0530
Processing by HomeController#index as HTML
  Rendering layout layouts/application.html.erb
  Rendering home/index.html.erb within layouts/application
  Rendered shared/_links.html.erb (Duration: 0.2ms | Allocations: 163)
  Rendered home/index.html.erb within layouts/application (Duration: 0.5ms | Allocations: 381)
[Webpacker] Everything's up-to-date. Nothing to do
  Rendered shared/_header.html.erb (Duration: 0.2ms | Allocations: 75)
  Rendered layout layouts/application.html.erb (Duration: 5.3ms | Allocations: 3568)
Completed 200 OK in 6ms (Views: 5.7ms | Allocations: 4008)


Started GET "/" for 127.0.0.1 at 2023-03-06 15:30:30 +0530
Processing by HomeController#index as HTML
  Rendering layout layouts/application.html.erb
  Rendering home/index.html.erb within layouts/application
  Rendered shared/_links.html.erb (Duration: 1.6ms | Allocations: 321)
  Rendered home/index.html.erb within layouts/application (Duration: 5.1ms | Allocations: 846)
[Webpacker] Everything's up-to-date. Nothing to do
  Rendered shared/_header.html.erb (Duration: 0.7ms | Allocations: 197)
  Rendered layout layouts/application.html.erb (Duration: 17.1ms | Allocations: 4537)
Completed 200 OK in 27ms (Views: 23.3ms | Allocations: 5764)


Started GET "/" for 127.0.0.1 at 2023-03-06 15:32:40 +0530
Processing by HomeController#index as HTML
  Rendering layout layouts/application.html.erb
  Rendering home/index.html.erb within layouts/application
  Rendered shared/_links.html.erb (Duration: 1.6ms | Allocations: 321)
  Rendered home/index.html.erb within layouts/application (Duration: 3.8ms | Allocations: 844)
[Webpacker] Everything's up-to-date. Nothing to do
  Rendered shared/_header.html.erb (Duration: 0.8ms | Allocations: 197)
  Rendered layout layouts/application.html.erb (Duration: 18.5ms | Allocations: 4543)
Completed 200 OK in 27ms (Views: 25.1ms | Allocations: 5767)


Started GET "/about" for 127.0.0.1 at 2023-03-06 15:32:41 +0530
Processing by PagesController#about_us as HTML
  Rendering layout layouts/application.html.erb
  Rendering pages/about_us.html.erb within layouts/application
  Rendered shared/_links.html.erb (Duration: 0.3ms | Allocations: 187)
  Rendered pages/about_us.html.erb within layouts/application (Duration: 1.0ms | Allocations: 378)
[Webpacker] Everything's up-to-date. Nothing to do
  Rendered shared/_header.html.erb (Duration: 0.2ms | Allocations: 78)
  Rendered layout layouts/application.html.erb (Duration: 6.6ms | Allocations: 3630)
Completed 200 OK in 9ms (Views: 7.7ms | Allocations: 4627)


Started GET "/about" for 127.0.0.1 at 2023-03-06 15:34:30 +0530
Processing by PagesController#about_us as HTML
  Rendering layout layouts/application.html.erb
  Rendering pages/about_us.html.erb within layouts/application
  Rendered shared/_links.html.erb (Duration: 2.4ms | Allocations: 321)
  Rendered pages/about_us.html.erb within layouts/application (Duration: 6.4ms | Allocations: 651)
[Webpacker] Everything's up-to-date. Nothing to do
  Rendered shared/_header.html.erb (Duration: 0.9ms | Allocations: 197)
  Rendered layout layouts/application.html.erb (Duration: 25.4ms | Allocations: 4339)
Completed 200 OK in 35ms (Views: 31.4ms | Allocations: 5563)


Started GET "/about" for 127.0.0.1 at 2023-03-06 15:35:13 +0530
Processing by PagesController#about_us as HTML
  Rendering layout layouts/application.html.erb
  Rendering pages/about_us.html.erb within layouts/application
  Rendered shared/_links.html.erb (Duration: 1.9ms | Allocations: 321)
  Rendered pages/about_us.html.erb within layouts/application (Duration: 5.1ms | Allocations: 653)
[Webpacker] Everything's up-to-date. Nothing to do
  Rendered shared/_header.html.erb (Duration: 0.8ms | Allocations: 197)
  Rendered layout layouts/application.html.erb (Duration: 23.2ms | Allocations: 4342)
Completed 200 OK in 30ms (Views: 27.2ms | Allocations: 5566)


Started GET "/about" for 127.0.0.1 at 2023-03-06 15:35:35 +0530
Processing by PagesController#about_us as HTML
  Rendering layout layouts/application.html.erb
  Rendering pages/about_us.html.erb within layouts/application
  Rendered shared/_links.html.erb (Duration: 0.4ms | Allocations: 321)
  Rendered pages/about_us.html.erb within layouts/application (Duration: 1.2ms | Allocations: 651)
[Webpacker] Everything's up-to-date. Nothing to do
  Rendered shared/_header.html.erb (Duration: 0.4ms | Allocations: 197)
  Rendered layout layouts/application.html.erb (Duration: 6.6ms | Allocations: 4339)
Completed 200 OK in 9ms (Views: 8.0ms | Allocations: 5562)


Started GET "/about" for 127.0.0.1 at 2023-03-06 15:35:41 +0530
Processing by PagesController#about_us as HTML
  Rendering layout layouts/application.html.erb
  Rendering pages/about_us.html.erb within layouts/application
  Rendered shared/_links.html.erb (Duration: 0.4ms | Allocations: 321)
  Rendered pages/about_us.html.erb within layouts/application (Duration: 1.1ms | Allocations: 650)
[Webpacker] Everything's up-to-date. Nothing to do
  Rendered shared/_header.html.erb (Duration: 0.4ms | Allocations: 197)
  Rendered layout layouts/application.html.erb (Duration: 6.9ms | Allocations: 4338)
Completed 200 OK in 9ms (Views: 8.1ms | Allocations: 5561)


Started GET "/about" for 127.0.0.1 at 2023-03-06 15:35:47 +0530
Processing by PagesController#about_us as HTML
  Rendering layout layouts/application.html.erb
  Rendering pages/about_us.html.erb within layouts/application
  Rendered shared/_links.html.erb (Duration: 0.6ms | Allocations: 321)
  Rendered pages/about_us.html.erb within layouts/application (Duration: 1.2ms | Allocations: 651)
[Webpacker] Everything's up-to-date. Nothing to do
  Rendered shared/_header.html.erb (Duration: 0.4ms | Allocations: 197)
  Rendered layout layouts/application.html.erb (Duration: 7.2ms | Allocations: 4339)
Completed 200 OK in 9ms (Views: 8.5ms | Allocations: 5562)


Started GET "/about" for 127.0.0.1 at 2023-03-06 15:35:51 +0530
Processing by PagesController#about_us as HTML
  Rendering layout layouts/application.html.erb
  Rendering pages/about_us.html.erb within layouts/application
  Rendered shared/_links.html.erb (Duration: 0.5ms | Allocations: 321)
  Rendered pages/about_us.html.erb within layouts/application (Duration: 1.4ms | Allocations: 656)
[Webpacker] Everything's up-to-date. Nothing to do
  Rendered shared/_header.html.erb (Duration: 0.4ms | Allocations: 197)
  Rendered layout layouts/application.html.erb (Duration: 7.3ms | Allocations: 4358)
Completed 200 OK in 10ms (Views: 8.9ms | Allocations: 5587)


Started GET "/about" for 127.0.0.1 at 2023-03-06 15:39:09 +0530
Processing by PagesController#about_us as HTML
  Rendering layout layouts/application.html.erb
  Rendering pages/about_us.html.erb within layouts/application
  Rendered shared/_links.html.erb (Duration: 0.6ms | Allocations: 321)
  Rendered pages/about_us.html.erb within layouts/application (Duration: 1.6ms | Allocations: 661)
[Webpacker] Everything's up-to-date. Nothing to do
  Rendered shared/_header.html.erb (Duration: 0.4ms | Allocations: 197)
  Rendered layout layouts/application.html.erb (Duration: 8.1ms | Allocations: 4356)
Completed 200 OK in 14ms (Views: 10.9ms | Allocations: 5584)


Started GET "/about" for 127.0.0.1 at 2023-03-06 15:40:40 +0530
Processing by PagesController#about_us as HTML
  Rendering layout layouts/application.html.erb
  Rendering pages/about_us.html.erb within layouts/application
  Rendered shared/_dummy.html.erb (Duration: 0.7ms | Allocations: 124)
  Rendered shared/_links.html.erb (Duration: 1.1ms | Allocations: 319)
  Rendered pages/about_us.html.erb within layouts/application (Duration: 4.4ms | Allocations: 977)
[Webpacker] Everything's up-to-date. Nothing to do
  Rendered shared/_header.html.erb (Duration: 0.6ms | Allocations: 197)
  Rendered layout layouts/application.html.erb (Duration: 14.2ms | Allocations: 4665)
Completed 200 OK in 18ms (Views: 16.5ms | Allocations: 5889)


Started GET "/about" for 127.0.0.1 at 2023-03-06 15:42:02 +0530
Processing by PagesController#about_us as HTML
  Rendering layout layouts/application.html.erb
  Rendering pages/about_us.html.erb within layouts/application
  Rendered shared/_dummy.html.erb (Duration: 0.9ms | Allocations: 122)
  Rendered shared/_links.html.erb (Duration: 1.6ms | Allocations: 319)
  Rendered pages/about_us.html.erb within layouts/application (Duration: 7.2ms | Allocations: 971)
[Webpacker] Everything's up-to-date. Nothing to do
  Rendered shared/_header.html.erb (Duration: 0.8ms | Allocations: 197)
  Rendered layout layouts/application.html.erb (Duration: 20.0ms | Allocations: 4660)
Completed 200 OK in 27ms (Views: 24.5ms | Allocations: 5884)


Started GET "/contact" for 127.0.0.1 at 2023-03-06 15:42:04 +0530
Processing by PagesController#contact_us as HTML
  Rendering layout layouts/application.html.erb
  Rendering pages/contact_us.html.erb within layouts/application
  Rendered shared/_dummy.html.erb (Duration: 0.1ms | Allocations: 40)
  Rendered shared/_links.html.erb (Duration: 0.2ms | Allocations: 162)
  Rendered pages/contact_us.html.erb within layouts/application (Duration: 0.9ms | Allocations: 461)
[Webpacker] Everything's up-to-date. Nothing to do
  Rendered shared/_header.html.erb (Duration: 0.2ms | Allocations: 75)
  Rendered layout layouts/application.html.erb (Duration: 5.7ms | Allocations: 3637)
Completed 200 OK in 7ms (Views: 6.1ms | Allocations: 4206)


Started GET "/privacy-policy" for 127.0.0.1 at 2023-03-06 15:42:06 +0530
Processing by PagesController#privacy_policy as HTML
  Rendering layout layouts/application.html.erb
  Rendering pages/privacy_policy.html.erb within layouts/application
  Rendered shared/_dummy.html.erb (Duration: 0.1ms | Allocations: 40)
  Rendered shared/_links.html.erb (Duration: 0.3ms | Allocations: 162)
  Rendered pages/privacy_policy.html.erb within layouts/application (Duration: 1.3ms | Allocations: 462)
[Webpacker] Everything's up-to-date. Nothing to do
  Rendered shared/_header.html.erb (Duration: 0.2ms | Allocations: 75)
  Rendered layout layouts/application.html.erb (Duration: 6.3ms | Allocations: 3638)
Completed 200 OK in 8ms (Views: 6.8ms | Allocations: 4206)


Started GET "/term-and-condition" for 127.0.0.1 at 2023-03-06 15:42:08 +0530
Processing by PagesController#terms_and_conditions as HTML
  Rendering layout layouts/application.html.erb
  Rendering pages/terms_and_conditions.html.erb within layouts/application
  Rendered shared/_dummy.html.erb (Duration: 0.1ms | Allocations: 40)
  Rendered shared/_links.html.erb (Duration: 0.2ms | Allocations: 162)
  Rendered pages/terms_and_conditions.html.erb within layouts/application (Duration: 1.0ms | Allocations: 464)
[Webpacker] Everything's up-to-date. Nothing to do
  Rendered shared/_header.html.erb (Duration: 0.2ms | Allocations: 75)
  Rendered layout layouts/application.html.erb (Duration: 6.6ms | Allocations: 3650)
Completed 200 OK in 8ms (Views: 6.9ms | Allocations: 4217)


Started GET "/" for 127.0.0.1 at 2023-03-06 15:42:10 +0530
Processing by HomeController#index as HTML
  Rendering layout layouts/application.html.erb
  Rendering home/index.html.erb within layouts/application
  Rendered shared/_links.html.erb (Duration: 0.3ms | Allocations: 187)
  Rendered home/index.html.erb within layouts/application (Duration: 1.5ms | Allocations: 575)
[Webpacker] Everything's up-to-date. Nothing to do
  Rendered shared/_header.html.erb (Duration: 0.2ms | Allocations: 78)
  Rendered layout layouts/application.html.erb (Duration: 6.5ms | Allocations: 3822)
Completed 200 OK in 8ms (Views: 7.4ms | Allocations: 4820)


Started GET "/" for 127.0.0.1 at 2023-03-06 15:51:51 +0530
Processing by HomeController#index as HTML
  Rendering layout layouts/application.html.erb
  Rendering home/index.html.erb within layouts/application
  Rendered shared/_links.html.erb (Duration: 0.8ms | Allocations: 321)
  Rendered home/index.html.erb within layouts/application (Duration: 2.5ms | Allocations: 842)
[Webpacker] Everything's up-to-date. Nothing to do
  Rendered shared/_header.html.erb (Duration: 0.6ms | Allocations: 197)
  Rendered shared/_footer.html.erb (Duration: 1.3ms | Allocations: 335)
  Rendered layout layouts/application.html.erb (Duration: 10.4ms | Allocations: 5085)
Completed 200 OK in 17ms (Views: 14.4ms | Allocations: 6310)


Started GET "/about" for 127.0.0.1 at 2023-03-06 15:51:53 +0530
Processing by PagesController#about_us as HTML
  Rendering layout layouts/application.html.erb
  Rendering pages/about_us.html.erb within layouts/application
  Rendered shared/_dummy.html.erb (Duration: 0.6ms | Allocations: 122)
  Rendered shared/_links.html.erb (Duration: 0.5ms | Allocations: 185)
  Rendered pages/about_us.html.erb within layouts/application (Duration: 2.2ms | Allocations: 704)
[Webpacker] Everything's up-to-date. Nothing to do
  Rendered shared/_header.html.erb (Duration: 0.2ms | Allocations: 78)
  Rendered shared/_footer.html.erb (Duration: 0.2ms | Allocations: 147)
  Rendered layout layouts/application.html.erb (Duration: 8.8ms | Allocations: 4151)
Completed 200 OK in 10ms (Views: 9.7ms | Allocations: 5147)


Started GET "/about" for 127.0.0.1 at 2023-03-06 15:52:41 +0530
Processing by PagesController#about_us as HTML
  Rendering layout layouts/application.html.erb
  Rendering pages/about_us.html.erb within layouts/application
  Rendered shared/_dummy.html.erb (Duration: 0.1ms | Allocations: 40)
  Rendered shared/_links.html.erb (Duration: 0.5ms | Allocations: 162)
  Rendered pages/about_us.html.erb within layouts/application (Duration: 0.9ms | Allocations: 356)
[Webpacker] Everything's up-to-date. Nothing to do
  Rendered shared/_header.html.erb (Duration: 0.2ms | Allocations: 75)
  Rendered shared/_footer.html.erb (Duration: 0.4ms | Allocations: 147)
  Rendered layout layouts/application.html.erb (Duration: 9.7ms | Allocations: 3737)
Completed 200 OK in 11ms (Views: 10.3ms | Allocations: 4177)


Started GET "/about" for 127.0.0.1 at 2023-03-06 15:53:13 +0530
Processing by PagesController#about_us as HTML
  Rendering layout layouts/application.html.erb
  Rendering pages/about_us.html.erb within layouts/application
  Rendered shared/_dummy.html.erb (Duration: 0.9ms | Allocations: 122)
  Rendered pages/about_us.html.erb within layouts/application (Duration: 3.9ms | Allocations: 451)
[Webpacker] Everything's up-to-date. Nothing to do
  Rendered shared/_header.html.erb (Duration: 1.8ms | Allocations: 222)
  Rendered shared/_footer.html.erb (Duration: 1.2ms | Allocations: 340)
  Rendered layout layouts/application.html.erb (Duration: 29.2ms | Allocations: 4727)
Completed 200 OK in 36ms (Views: 33.6ms | Allocations: 5955)


Started GET "/about" for 127.0.0.1 at 2023-03-06 17:55:27 +0530
Processing by PagesController#about_us as HTML
  Rendering layout layouts/application.html.erb
  Rendering pages/about_us.html.erb within layouts/application
  Rendered shared/_dummy.html.erb (Duration: 0.4ms | Allocations: 122)
  Rendered pages/about_us.html.erb within layouts/application (Duration: 1.4ms | Allocations: 445)
[Webpacker] Everything's up-to-date. Nothing to do
  Rendered shared/_header.html.erb (Duration: 0.8ms | Allocations: 222)
  Rendered shared/_footer.html.erb (Duration: 0.7ms | Allocations: 340)
  Rendered layout layouts/application.html.erb (Duration: 10.4ms | Allocations: 4709)
Completed 200 OK in 13ms (Views: 11.8ms | Allocations: 5932)


  [1m[35m (0.3ms)[0m  [1m[34mSELECT sqlite_version(*)[0m
  [1m[35m (5.5ms)[0m  [1m[35mCREATE TABLE "schema_migrations" ("version" varchar NOT NULL PRIMARY KEY)[0m
  [1m[35m (3.7ms)[0m  [1m[35mCREATE TABLE "ar_internal_metadata" ("key" varchar NOT NULL PRIMARY KEY, "value" varchar, "created_at" datetime(6) NOT NULL, "updated_at" datetime(6) NOT NULL)[0m
  [1m[35m (0.1ms)[0m  [1m[34mSELECT "schema_migrations"."version" FROM "schema_migrations" ORDER BY "schema_migrations"."version" ASC[0m
Migrating to CreateEmployees (20230306130231)
  [1m[36mTRANSACTION (0.0ms)[0m  [1m[36mbegin transaction[0m
  [1m[35m (0.2ms)[0m  [1m[35mCREATE TABLE "employees" ("id" integer PRIMARY KEY AUTOINCREMENT NOT NULL, "fname" varchar, "mname" varchar, "lname" varchar, "email" varchar, "city" varchar, "state" varchar, "country" varchar, "pincode" varchar, "address_1" varchar, "address_2" varchar, "created_at" datetime(6) NOT NULL, "updated_at" datetime(6) NOT NULL)[0m
  [1m[36mActiveRecord::SchemaMigration Create (0.1ms)[0m  [1m[32mINSERT INTO "schema_migrations" ("version") VALUES (?)[0m  [["version", "20230306130231"]]
  [1m[36mTRANSACTION (4.2ms)[0m  [1m[36mcommit transaction[0m
  [1m[36mActiveRecord::InternalMetadata Load (0.1ms)[0m  [1m[34mSELECT "ar_internal_metadata".* FROM "ar_internal_metadata" WHERE "ar_internal_metadata"."key" = ? LIMIT ?[0m  [["key", "environment"], ["LIMIT", 1]]
  [1m[36mTRANSACTION (0.1ms)[0m  [1m[36mbegin transaction[0m
  [1m[36mActiveRecord::InternalMetadata Create (0.3ms)[0m  [1m[32mINSERT INTO "ar_internal_metadata" ("key", "value", "created_at", "updated_at") VALUES (?, ?, ?, ?)[0m  [["key", "environment"], ["value", "development"], ["created_at", "2023-03-06 13:44:37.220460"], ["updated_at", "2023-03-06 13:44:37.220460"]]
  [1m[36mTRANSACTION (7.2ms)[0m  [1m[36mcommit transaction[0m
  [1m[35m (0.1ms)[0m  [1m[34mSELECT sqlite_version(*)[0m
  [1m[35m (0.1ms)[0m  [1m[34mSELECT "schema_migrations"."version" FROM "schema_migrations" ORDER BY "schema_migrations"."version" ASC[0m
Started GET "/" for 127.0.0.1 at 2023-03-07 18:37:33 +0000
  [1m[35m (3.2ms)[0m  [1m[34mSELECT sqlite_version(*)[0m
  [1m[35m (0.2ms)[0m  [1m[34mSELECT "schema_migrations"."version" FROM "schema_migrations" ORDER BY "schema_migrations"."version" ASC[0m
Processing by HomeController#index as HTML
  Rendering layout layouts/application.html.erb
  Rendering home/index.html.erb within layouts/application
  Rendered home/index.html.erb within layouts/application (Duration: 4.1ms | Allocations: 1124)
[Webpacker] Compiling...
[Webpacker] Compilation failed:
ERROR: [Errno 21] Is a directory: 'bin'
CRITICAL:root:Traceback (most recent call last):
  File "/usr/lib/python3/dist-packages/cliapp/app.py", line 182, in _run
    self.settings.load_configs()
  File "/usr/lib/python3/dist-packages/cliapp/settings.py", line 829, in load_configs
    self._read_ini(pathname, f)
  File "/usr/lib/python3/dist-packages/cliapp/settings.py", line 838, in _read_ini
    cp.readfp(f)
  File "/usr/lib/python3.8/configparser.py", line 763, in readfp
    self.read_file(fp, source=filename)
  File "/usr/lib/python3.8/configparser.py", line 718, in read_file
    self._read(f, source)
  File "/usr/lib/python3.8/configparser.py", line 1082, in _read
    raise MissingSectionHeaderError(fpname, lineno, line)
configparser.MissingSectionHeaderError: File contains no section headers.
file: '/home/vagrant/rubypp/rails/HR-Portal/config/webpack/development.js', line: 1
"process.env.NODE_ENV = process.env.NODE_ENV || 'development'\n"

Traceback (most recent call last):
  File "/usr/lib/python3/dist-packages/cliapp/app.py", line 182, in _run
    self.settings.load_configs()
  File "/usr/lib/python3/dist-packages/cliapp/settings.py", line 829, in load_configs
    self._read_ini(pathname, f)
  File "/usr/lib/python3/dist-packages/cliapp/settings.py", line 838, in _read_ini
    cp.readfp(f)
  File "/usr/lib/python3.8/configparser.py", line 763, in readfp
    self.read_file(fp, source=filename)
  File "/usr/lib/python3.8/configparser.py", line 718, in read_file
    self._read(f, source)
  File "/usr/lib/python3.8/configparser.py", line 1082, in _read
    raise MissingSectionHeaderError(fpname, lineno, line)
configparser.MissingSectionHeaderError: File contains no section headers.
file: '/home/vagrant/rubypp/rails/HR-Portal/config/webpack/development.js', line: 1
"process.env.NODE_ENV = process.env.NODE_ENV || 'development'\n"

  Rendered shared/_header.html.erb (Duration: 1.1ms | Allocations: 210)
  Rendered shared/_footer.html.erb (Duration: 1.6ms | Allocations: 345)
  Rendered layout layouts/application.html.erb (Duration: 938.1ms | Allocations: 22305)
Completed 200 OK in 963ms (Views: 947.0ms | ActiveRecord: 0.0ms | Allocations: 26451)


Started GET "/contact" for 127.0.0.1 at 2023-03-07 18:37:38 +0000
Processing by PagesController#contact_us as HTML
  Rendering layout layouts/application.html.erb
  Rendering pages/contact_us.html.erb within layouts/application
  Rendered shared/_dummy.html.erb (Duration: 1.5ms | Allocations: 124)
  Rendered pages/contact_us.html.erb within layouts/application (Duration: 6.2ms | Allocations: 547)
[Webpacker] Everything's up-to-date. Nothing to do
  Rendered shared/_header.html.erb (Duration: 0.4ms | Allocations: 104)
  Rendered shared/_footer.html.erb (Duration: 1.0ms | Allocations: 156)
  Rendered layout layouts/application.html.erb (Duration: 35.3ms | Allocations: 4102)
Completed 200 OK in 43ms (Views: 41.2ms | ActiveRecord: 0.0ms | Allocations: 5602)


Started GET "/privacy-policy" for 127.0.0.1 at 2023-03-07 18:37:48 +0000
Processing by PagesController#privacy_policy as HTML
  Rendering layout layouts/application.html.erb
  Rendering pages/privacy_policy.html.erb within layouts/application
  Rendered shared/_dummy.html.erb (Duration: 0.2ms | Allocations: 40)
  Rendered pages/privacy_policy.html.erb within layouts/application (Duration: 2.2ms | Allocations: 230)
[Webpacker] Everything's up-to-date. Nothing to do
  Rendered shared/_header.html.erb (Duration: 0.3ms | Allocations: 89)
  Rendered shared/_footer.html.erb (Duration: 0.5ms | Allocations: 147)
  Rendered layout layouts/application.html.erb (Duration: 25.2ms | Allocations: 4214)
Completed 200 OK in 28ms (Views: 26.4ms | ActiveRecord: 0.0ms | Allocations: 4793)


Started GET "/about" for 127.0.0.1 at 2023-03-07 18:37:49 +0000
Processing by PagesController#about_us as HTML
  Rendering layout layouts/application.html.erb
  Rendering pages/about_us.html.erb within layouts/application
  Rendered shared/_dummy.html.erb (Duration: 0.2ms | Allocations: 40)
  Rendered pages/about_us.html.erb within layouts/application (Duration: 2.8ms | Allocations: 228)
[Webpacker] Everything's up-to-date. Nothing to do
  Rendered shared/_header.html.erb (Duration: 0.5ms | Allocations: 89)
  Rendered shared/_footer.html.erb (Duration: 1.5ms | Allocations: 147)
  Rendered layout layouts/application.html.erb (Duration: 23.4ms | Allocations: 4214)
Completed 200 OK in 26ms (Views: 24.6ms | ActiveRecord: 0.0ms | Allocations: 4785)


Started GET "/" for 127.0.0.1 at 2023-03-07 18:37:52 +0000
Processing by HomeController#index as HTML
  Rendering layout layouts/application.html.erb
  Rendering home/index.html.erb within layouts/application
  Rendered home/index.html.erb within layouts/application (Duration: 0.9ms | Allocations: 175)
[Webpacker] Everything's up-to-date. Nothing to do
  Rendered shared/_header.html.erb (Duration: 0.4ms | Allocations: 76)
  Rendered shared/_footer.html.erb (Duration: 0.6ms | Allocations: 147)
  Rendered layout layouts/application.html.erb (Duration: 17.9ms | Allocations: 4148)
Completed 200 OK in 20ms (Views: 19.0ms | ActiveRecord: 0.0ms | Allocations: 4591)


